{"/home/jonatan/mello-labenu-system4/src/FileManager.ts": {"path":"/home/jonatan/mello-labenu-system4/src/FileManager.ts","statementMap":{"0":{"start":{"line":1,"column":0},"end":{"line":1,"column":25}},"1":{"start":{"line":2,"column":0},"end":{"line":2,"column":0}},"2":{"start":{"line":3,"column":0},"end":{"line":3,"column":26}},"3":{"start":{"line":4,"column":0},"end":{"line":4,"column":42}},"4":{"start":{"line":5,"column":0},"end":{"line":5,"column":0}},"5":{"start":{"line":6,"column":0},"end":{"line":6,"column":42}},"6":{"start":{"line":7,"column":0},"end":{"line":7,"column":25}},"7":{"start":{"line":8,"column":0},"end":{"line":8,"column":3}},"8":{"start":{"line":9,"column":0},"end":{"line":9,"column":0}},"9":{"start":{"line":10,"column":0},"end":{"line":10,"column":37}},"10":{"start":{"line":11,"column":0},"end":{"line":11,"column":58}},"11":{"start":{"line":12,"column":0},"end":{"line":12,"column":3}},"12":{"start":{"line":13,"column":0},"end":{"line":13,"column":0}},"13":{"start":{"line":14,"column":0},"end":{"line":14,"column":26}},"14":{"start":{"line":15,"column":0},"end":{"line":15,"column":48}},"15":{"start":{"line":16,"column":0},"end":{"line":16,"column":39}},"16":{"start":{"line":17,"column":0},"end":{"line":17,"column":3}},"17":{"start":{"line":18,"column":0},"end":{"line":18,"column":1}}},"s":{"0":1,"1":1,"2":1,"3":1,"4":1,"5":1,"6":0,"7":0,"8":1,"9":1,"10":0,"11":0,"12":1,"13":1,"14":1,"15":1,"16":1,"17":1},"branchMap":{"0":{"type":"branch","line":18,"loc":{"start":{"line":18,"column":1},"end":{"line":18,"column":1}},"locations":[{"start":{"line":18,"column":1},"end":{"line":18,"column":1}}]},"1":{"type":"branch","line":18,"loc":{"start":{"line":18,"column":1},"end":{"line":18,"column":1}},"locations":[{"start":{"line":18,"column":1},"end":{"line":18,"column":1}}]},"2":{"type":"branch","line":18,"loc":{"start":{"line":18,"column":1},"end":{"line":18,"column":1}},"locations":[{"start":{"line":18,"column":1},"end":{"line":18,"column":1}}]},"3":{"type":"branch","line":18,"loc":{"start":{"line":18,"column":1},"end":{"line":18,"column":1}},"locations":[{"start":{"line":18,"column":1},"end":{"line":18,"column":1}}]},"4":{"type":"branch","line":18,"loc":{"start":{"line":18,"column":1},"end":{"line":18,"column":1}},"locations":[{"start":{"line":18,"column":1},"end":{"line":18,"column":1}}]},"5":{"type":"branch","line":18,"loc":{"start":{"line":18,"column":1},"end":{"line":18,"column":1}},"locations":[{"start":{"line":18,"column":1},"end":{"line":18,"column":1}}]},"6":{"type":"branch","line":18,"loc":{"start":{"line":18,"column":1},"end":{"line":18,"column":1}},"locations":[{"start":{"line":18,"column":1},"end":{"line":18,"column":1}}]},"7":{"type":"branch","line":18,"loc":{"start":{"line":18,"column":1},"end":{"line":18,"column":1}},"locations":[{"start":{"line":18,"column":1},"end":{"line":18,"column":1}}]},"8":{"type":"branch","line":18,"loc":{"start":{"line":18,"column":1},"end":{"line":18,"column":1}},"locations":[{"start":{"line":18,"column":1},"end":{"line":18,"column":1}}]},"9":{"type":"branch","line":18,"loc":{"start":{"line":18,"column":1},"end":{"line":18,"column":1}},"locations":[{"start":{"line":18,"column":1},"end":{"line":18,"column":1}}]},"10":{"type":"branch","line":3,"loc":{"start":{"line":3,"column":0},"end":{"line":18,"column":1}},"locations":[{"start":{"line":3,"column":0},"end":{"line":18,"column":1}}]},"11":{"type":"branch","line":4,"loc":{"start":{"line":4,"column":2},"end":{"line":4,"column":42}},"locations":[{"start":{"line":4,"column":2},"end":{"line":4,"column":42}}]},"12":{"type":"branch","line":14,"loc":{"start":{"line":14,"column":2},"end":{"line":17,"column":3}},"locations":[{"start":{"line":14,"column":2},"end":{"line":17,"column":3}}]}},"b":{"0":[1],"1":[0],"2":[0],"3":[95],"4":[1],"5":[0],"6":[1],"7":[1],"8":[0],"9":[95],"10":[1],"11":[2],"12":[1]},"fnMap":{"0":{"name":"get","decl":{"start":{"line":18,"column":1},"end":{"line":18,"column":1}},"loc":{"start":{"line":18,"column":1},"end":{"line":18,"column":1}},"line":18},"1":{"name":"__setModuleDefault","decl":{"start":{"line":18,"column":1},"end":{"line":18,"column":1}},"loc":{"start":{"line":18,"column":1},"end":{"line":18,"column":1}},"line":18},"2":{"name":"__importStar","decl":{"start":{"line":18,"column":1},"end":{"line":18,"column":1}},"loc":{"start":{"line":18,"column":1},"end":{"line":18,"column":1}},"line":18},"3":{"name":"FileManager","decl":{"start":{"line":4,"column":2},"end":{"line":4,"column":42}},"loc":{"start":{"line":4,"column":2},"end":{"line":4,"column":42}},"line":4},"4":{"name":"FileManager.setFilePath","decl":{"start":{"line":6,"column":2},"end":{"line":8,"column":3}},"loc":{"start":{"line":6,"column":2},"end":{"line":8,"column":3}},"line":6},"5":{"name":"FileManager.writeFile","decl":{"start":{"line":10,"column":2},"end":{"line":12,"column":3}},"loc":{"start":{"line":10,"column":2},"end":{"line":12,"column":3}},"line":10},"6":{"name":"FileManager.readFile","decl":{"start":{"line":14,"column":2},"end":{"line":17,"column":3}},"loc":{"start":{"line":14,"column":2},"end":{"line":17,"column":3}},"line":14}},"f":{"0":1,"1":0,"2":1,"3":2,"4":0,"5":0,"6":1}}
,"/home/jonatan/mello-labenu-system4/src/Student.ts": {"path":"/home/jonatan/mello-labenu-system4/src/Student.ts","statementMap":{"0":{"start":{"line":1,"column":0},"end":{"line":1,"column":27}},"1":{"start":{"line":2,"column":0},"end":{"line":2,"column":0}},"2":{"start":{"line":3,"column":0},"end":{"line":3,"column":43}},"3":{"start":{"line":4,"column":0},"end":{"line":4,"column":29}},"4":{"start":{"line":5,"column":0},"end":{"line":5,"column":0}},"5":{"start":{"line":6,"column":0},"end":{"line":6,"column":38}},"6":{"start":{"line":7,"column":0},"end":{"line":7,"column":14}},"7":{"start":{"line":8,"column":0},"end":{"line":8,"column":22}},"8":{"start":{"line":9,"column":0},"end":{"line":9,"column":24}},"9":{"start":{"line":10,"column":0},"end":{"line":10,"column":25}},"10":{"start":{"line":11,"column":0},"end":{"line":11,"column":29}},"11":{"start":{"line":12,"column":0},"end":{"line":12,"column":28}},"12":{"start":{"line":13,"column":0},"end":{"line":13,"column":5}},"13":{"start":{"line":14,"column":0},"end":{"line":14,"column":73}},"14":{"start":{"line":15,"column":0},"end":{"line":15,"column":26}},"15":{"start":{"line":16,"column":0},"end":{"line":16,"column":3}},"16":{"start":{"line":17,"column":0},"end":{"line":17,"column":2}},"17":{"start":{"line":18,"column":0},"end":{"line":18,"column":37}},"18":{"start":{"line":19,"column":0},"end":{"line":19,"column":47}},"19":{"start":{"line":20,"column":0},"end":{"line":20,"column":38}},"20":{"start":{"line":21,"column":0},"end":{"line":21,"column":26}},"21":{"start":{"line":22,"column":0},"end":{"line":22,"column":4}},"22":{"start":{"line":23,"column":0},"end":{"line":23,"column":77}},"23":{"start":{"line":24,"column":0},"end":{"line":24,"column":22}},"24":{"start":{"line":25,"column":0},"end":{"line":25,"column":0}},"25":{"start":{"line":26,"column":0},"end":{"line":26,"column":12}},"26":{"start":{"line":27,"column":0},"end":{"line":27,"column":70}},"27":{"start":{"line":28,"column":0},"end":{"line":28,"column":0}},"28":{"start":{"line":29,"column":0},"end":{"line":29,"column":66}},"29":{"start":{"line":30,"column":0},"end":{"line":30,"column":4}},"30":{"start":{"line":31,"column":0},"end":{"line":31,"column":14}},"31":{"start":{"line":32,"column":0},"end":{"line":32,"column":3}},"32":{"start":{"line":33,"column":0},"end":{"line":33,"column":1}}},"s":{"0":1,"1":1,"2":1,"3":1,"4":1,"5":1,"6":1,"7":1,"8":1,"9":1,"10":1,"11":1,"12":1,"13":1,"14":1,"15":1,"16":1,"17":1,"18":1,"19":1,"20":1,"21":1,"22":1,"23":1,"24":1,"25":1,"26":1,"27":1,"28":1,"29":1,"30":1,"31":1,"32":1},"branchMap":{"0":{"type":"branch","line":33,"loc":{"start":{"line":33,"column":1},"end":{"line":33,"column":1}},"locations":[{"start":{"line":33,"column":1},"end":{"line":33,"column":1}}]},"1":{"type":"branch","line":33,"loc":{"start":{"line":33,"column":1},"end":{"line":33,"column":1}},"locations":[{"start":{"line":33,"column":1},"end":{"line":33,"column":1}}]},"2":{"type":"branch","line":33,"loc":{"start":{"line":33,"column":1},"end":{"line":33,"column":1}},"locations":[{"start":{"line":33,"column":1},"end":{"line":33,"column":1}}]},"3":{"type":"branch","line":6,"loc":{"start":{"line":6,"column":0},"end":{"line":33,"column":1}},"locations":[{"start":{"line":6,"column":0},"end":{"line":33,"column":1}}]},"4":{"type":"branch","line":7,"loc":{"start":{"line":7,"column":2},"end":{"line":16,"column":3}},"locations":[{"start":{"line":7,"column":2},"end":{"line":16,"column":3}}]},"5":{"type":"branch","line":18,"loc":{"start":{"line":18,"column":2},"end":{"line":32,"column":3}},"locations":[{"start":{"line":18,"column":2},"end":{"line":32,"column":3}}]},"6":{"type":"branch","line":23,"loc":{"start":{"line":23,"column":39},"end":{"line":23,"column":60}},"locations":[{"start":{"line":23,"column":39},"end":{"line":23,"column":60}}]},"7":{"type":"branch","line":27,"loc":{"start":{"line":27,"column":34},"end":{"line":27,"column":49}},"locations":[{"start":{"line":27,"column":34},"end":{"line":27,"column":49}}]}},"b":{"0":[1],"1":[1],"2":[0],"3":[1],"4":[1],"5":[1],"6":[1],"7":[1]},"fnMap":{"0":{"name":"__importDefault","decl":{"start":{"line":33,"column":1},"end":{"line":33,"column":1}},"loc":{"start":{"line":33,"column":1},"end":{"line":33,"column":1}},"line":33},"1":{"name":"Student","decl":{"start":{"line":7,"column":2},"end":{"line":16,"column":3}},"loc":{"start":{"line":7,"column":2},"end":{"line":16,"column":3}},"line":7},"2":{"name":"Student.getAge","decl":{"start":{"line":18,"column":2},"end":{"line":32,"column":3}},"loc":{"start":{"line":18,"column":2},"end":{"line":32,"column":3}},"line":18}},"f":{"0":1,"1":1,"2":1}}
}
