TN:
SF:src/FileManager.ts
FN:18,get
FN:18,__setModuleDefault
FN:18,__importStar
FN:4,FileManager
FN:6,FileManager.setFilePath
FN:10,FileManager.writeFile
FN:14,FileManager.readFile
FNF:7
FNH:4
FNDA:1,get
FNDA:0,__setModuleDefault
FNDA:1,__importStar
FNDA:2,FileManager
FNDA:0,FileManager.setFilePath
FNDA:0,FileManager.writeFile
FNDA:1,FileManager.readFile
DA:1,1
DA:2,1
DA:3,1
DA:4,1
DA:5,1
DA:6,1
DA:7,0
DA:8,0
DA:9,1
DA:10,1
DA:11,0
DA:12,0
DA:13,1
DA:14,1
DA:15,1
DA:16,1
DA:17,1
DA:18,1
LF:18
LH:14
BRDA:18,0,0,1
BRDA:18,1,0,0
BRDA:18,2,0,0
BRDA:18,3,0,95
BRDA:18,4,0,1
BRDA:18,5,0,0
BRDA:18,6,0,1
BRDA:18,7,0,1
BRDA:18,8,0,0
BRDA:18,9,0,95
BRDA:3,10,0,1
BRDA:4,11,0,2
BRDA:14,12,0,1
BRF:13
BRH:9
end_of_record
TN:
SF:src/Student.ts
FN:33,__importDefault
FN:7,Student
FN:18,Student.getAge
FNF:3
FNH:3
FNDA:1,__importDefault
FNDA:1,Student
FNDA:1,Student.getAge
DA:1,1
DA:2,1
DA:3,1
DA:4,1
DA:5,1
DA:6,1
DA:7,1
DA:8,1
DA:9,1
DA:10,1
DA:11,1
DA:12,1
DA:13,1
DA:14,1
DA:15,1
DA:16,1
DA:17,1
DA:18,1
DA:19,1
DA:20,1
DA:21,1
DA:22,1
DA:23,1
DA:24,1
DA:25,1
DA:26,1
DA:27,1
DA:28,1
DA:29,1
DA:30,1
DA:31,1
DA:32,1
DA:33,1
LF:33
LH:33
BRDA:33,0,0,1
BRDA:33,1,0,1
BRDA:33,2,0,0
BRDA:6,3,0,1
BRDA:7,4,0,1
BRDA:18,5,0,1
BRDA:23,6,0,1
BRDA:27,7,0,1
BRF:8
BRH:7
end_of_record
